0 info it worked if it ends with ok
1 verbose cli [ 'c:\\Program Files\\nodejs\\node.exe',
1 verbose cli   'C:\\Users\\RabidRabbit\\AppData\\Roaming\\npm\\node_modules\\npm\\bin\\npm-cli.js',
1 verbose cli   'run',
1 verbose cli   'server' ]
2 info using npm@3.5.3
3 info using node@v4.2.3
4 verbose stack Error: missing script: server
4 verbose stack     at run (C:\Users\RabidRabbit\AppData\Roaming\npm\node_modules\npm\lib\run-script.js:147:19)
4 verbose stack     at C:\Users\RabidRabbit\AppData\Roaming\npm\node_modules\npm\lib\run-script.js:57:5
4 verbose stack     at C:\Users\RabidRabbit\AppData\Roaming\npm\node_modules\npm\node_modules\read-package-json\read-json.js:345:5
4 verbose stack     at checkBinReferences_ (C:\Users\RabidRabbit\AppData\Roaming\npm\node_modules\npm\node_modules\read-package-json\read-json.js:309:45)
4 verbose stack     at final (C:\Users\RabidRabbit\AppData\Roaming\npm\node_modules\npm\node_modules\read-package-json\read-json.js:343:3)
4 verbose stack     at then (C:\Users\RabidRabbit\AppData\Roaming\npm\node_modules\npm\node_modules\read-package-json\read-json.js:113:5)
4 verbose stack     at ReadFileContext.<anonymous> (C:\Users\RabidRabbit\AppData\Roaming\npm\node_modules\npm\node_modules\read-package-json\read-json.js:297:29)
4 verbose stack     at ReadFileContext.callback (C:\Users\RabidRabbit\AppData\Roaming\npm\node_modules\npm\node_modules\graceful-fs\graceful-fs.js:76:16)
4 verbose stack     at FSReqWrap.readFileAfterOpen [as oncomplete] (fs.js:303:13)
5 verbose cwd C:\Users\RabidRabbit\Documents\Projects\Clients\Web\Sportimo_v2.0\Sportimo_resetcreds\http-server\public\src
6 error Windows_NT 10.0.10586
7 error argv "c:\\Program Files\\nodejs\\node.exe" "C:\\Users\\RabidRabbit\\AppData\\Roaming\\npm\\node_modules\\npm\\bin\\npm-cli.js" "run" "server"
8 error node v4.2.3
9 error npm  v3.5.3
10 error missing script: server
11 error If you need help, you may report this error at:
11 error     <https://github.com/npm/npm/issues>
12 verbose exit [ 1, true ]
